<?xml version="1.0" encoding="UTF-8"?>
<!-- Generated by org.testng.reporters.JUnitReportReporter -->
<testsuite hostname="sonal-X556UQK" failures="0" tests="1" name="com.hubinternational.qa.testcases.AgribusinessPageTest" time="33.931" errors="0" timestamp="2022-04-26T16:55:13 IST" skipped="0">
  <testcase classname="com.hubinternational.qa.testcases.AgribusinessPageTest" name="agribusinessPageTest" time="33.931"/>
  <system-out/>
</testsuite> <!-- com.hubinternational.qa.testcases.AgribusinessPageTest -->
