<?xml version="1.0" encoding="UTF-8"?>
<!-- Generated by org.testng.reporters.JUnitReportReporter -->
<testsuite hostname="sonal-X556UQK" failures="0" tests="1" name="com.sitecore.qa.testcases.ProductsPageTest" time="24.795" errors="0" timestamp="2022-04-04T22:20:53 IST" skipped="0">
  <testcase classname="com.sitecore.qa.testcases.ProductsPageTest" name="pageTest" time="24.795"/>
  <system-out/>
</testsuite> <!-- com.sitecore.qa.testcases.ProductsPageTest -->
