<?xml version="1.0" encoding="UTF-8"?>
<!-- Generated by org.testng.reporters.JUnitReportReporter -->
<testsuite hostname="sonal-X556UQK" failures="0" tests="1" name="com.hubinternational.qa.testcases.SearchBarPageTest" time="101.420" errors="0" timestamp="2022-05-09T19:18:12 IST" skipped="0">
  <testcase classname="com.hubinternational.qa.testcases.SearchBarPageTest" name="searchPageTest" time="101.420"/>
  <system-out/>
</testsuite> <!-- com.hubinternational.qa.testcases.SearchBarPageTest -->
