<?xml version="1.0" encoding="UTF-8"?>
<!-- Generated by org.testng.reporters.JUnitReportReporter -->
<testsuite hostname="sonal-X556UQK" failures="0" tests="2" name="com.hubinternational.qa.testcases.InsightsPageTest" time="21.373" errors="0" timestamp="2022-04-12T16:43:47 IST" skipped="0">
  <testcase classname="com.hubinternational.qa.testcases.InsightsPageTest" name="validateInsightsPageTitleTest" time="21.319"/>
  <system-out/>
  <testcase classname="com.hubinternational.qa.testcases.InsightsPageTest" name="validateInsightsPageComponentTest" time="0.054"/>
  <system-out/>
</testsuite> <!-- com.hubinternational.qa.testcases.InsightsPageTest -->
