<?xml version="1.0" encoding="UTF-8"?>
<!-- Generated by org.testng.reporters.JUnitReportReporter -->
<testsuite hostname="sonal-X556UQK" failures="0" tests="2" name="com.hubinternational.qa.testcases.ProductsPageTest" time="34.919" errors="0" timestamp="2022-04-26T16:56:08 IST" skipped="0">
  <testcase classname="com.hubinternational.qa.testcases.ProductsPageTest" name="businessLinkClickTest" time="16.751"/>
  <system-out/>
  <testcase classname="com.hubinternational.qa.testcases.ProductsPageTest" name="commercialPropertyLinkTest" time="18.168"/>
  <system-out/>
</testsuite> <!-- com.hubinternational.qa.testcases.ProductsPageTest -->
