<?xml version="1.0" encoding="UTF-8"?>
<!-- Generated by org.testng.reporters.JUnitReportReporter -->
<testsuite hostname="sonal-X556UQK" failures="0" tests="1" name="com.sitecore.qa.testcases.IndustriesPageTest" time="26.881" errors="0" timestamp="2022-04-04T21:55:24 IST" skipped="0">
  <testcase classname="com.sitecore.qa.testcases.IndustriesPageTest" name="pageTest" time="26.881"/>
  <system-out/>
</testsuite> <!-- com.sitecore.qa.testcases.IndustriesPageTest -->
