<?xml version="1.0" encoding="UTF-8"?>
<!-- Generated by org.testng.reporters.JUnitReportReporter -->
<testsuite hostname="sonal-X556UQK" failures="0" tests="1" name="com.hubinternational.qa.testcases.IndustriesPageTest" time="13.964" errors="0" timestamp="2022-04-07T18:09:16 IST" skipped="0">
  <testcase classname="com.hubinternational.qa.testcases.IndustriesPageTest" name="agribusinessLinkTest" time="13.964"/>
  <system-out/>
</testsuite> <!-- com.hubinternational.qa.testcases.IndustriesPageTest -->
