<?xml version="1.0" encoding="UTF-8"?>
<!-- Generated by org.testng.reporters.JUnitReportReporter -->
<testsuite hostname="sonal-X556UQK" failures="0" tests="1" name="com.hubinternational.qa.testcases.HomePageTest" time="40.533" errors="0" timestamp="2022-05-06T17:44:45 IST" skipped="0">
  <testcase classname="com.hubinternational.qa.testcases.HomePageTest" name="hubLogoTest" time="40.533"/>
  <system-out/>
</testsuite> <!-- com.hubinternational.qa.testcases.HomePageTest -->
