<?xml version="1.0" encoding="UTF-8"?>
<!-- Generated by org.testng.reporters.JUnitReportReporter -->
<testsuite hostname="sonal-X556UQK" failures="0" tests="1" name="com.hubinternational.qa.testcases.CareersPageTest" time="25.522" errors="0" timestamp="2022-04-26T18:21:16 IST" skipped="0">
  <testcase classname="com.hubinternational.qa.testcases.CareersPageTest" name="verifypPageTest" time="25.522"/>
  <system-out/>
</testsuite> <!-- com.hubinternational.qa.testcases.CareersPageTest -->
